2024-09-24 06:26:20,954 INFO  WebApplication1.ActionFilter - Action method 'MenuItemController.GetAllMenuItems (WebApplication1)' (HTTP Method: GET) started.
2024-09-24 06:26:20,969 INFO  MenuItemService - Fetching all menu items from the service layer.
2024-09-24 06:26:24,289 INFO  WebApplication1.ActionFilter - Action method 'MenuItemController.GetAllMenuItems (WebApplication1)' (HTTP Method: GET) ended.
2024-09-24 07:17:55,707 INFO  WebApplication1.ActionFilter - Action method 'MenuItemController.GetAllMenuItems (WebApplication1)' (HTTP Method: GET) started.
2024-09-24 07:17:55,733 INFO  MenuItemService - Fetching all menu items from the service layer.
2024-09-24 07:17:55,969 INFO  WebApplication1.ActionFilter - Action method 'MenuItemController.GetAllMenuItems (WebApplication1)' (HTTP Method: GET) ended.
2024-09-24 07:30:09,861 INFO  WebApplication1.ActionFilter - Action method 'MenuItemController.GetAllMenuItems (WebApplication1)' (HTTP Method: GET) started.
2024-09-24 07:30:09,874 INFO  MenuItemService - Fetching all menu items from the service layer.
2024-09-24 07:30:10,254 INFO  WebApplication1.ActionFilter - Action method 'MenuItemController.GetAllMenuItems (WebApplication1)' (HTTP Method: GET) ended.
2024-09-24 07:36:19,096 INFO  WebApplication1.ActionFilter - Action method 'MenuItemController.GetAllMenuItems (WebApplication1)' (HTTP Method: GET) started.
2024-09-24 07:36:19,100 INFO  MenuItemService - Fetching all menu items from the service layer.
2024-09-24 07:36:19,124 INFO  WebApplication1.ActionFilter - Action method 'MenuItemController.GetAllMenuItems (WebApplication1)' (HTTP Method: GET) ended.
2024-09-24 07:40:19,695 INFO  WebApplication1.ActionFilter - Action method 'MenuItemController.GetAllMenuItems (WebApplication1)' (HTTP Method: GET) started.
2024-09-24 07:40:19,700 INFO  MenuItemService - Fetching all menu items from the service layer.
2024-09-24 07:40:19,749 INFO  WebApplication1.ActionFilter - Action method 'MenuItemController.GetAllMenuItems (WebApplication1)' (HTTP Method: GET) ended.
2024-09-24 07:40:58,383 INFO  WebApplication1.ActionFilter - Action method 'MenuItemController.GetAllMenuItems (WebApplication1)' (HTTP Method: GET) started.
2024-09-24 07:40:58,386 INFO  MenuItemService - Fetching all menu items from the service layer.
2024-09-24 07:40:58,408 INFO  WebApplication1.ActionFilter - Action method 'MenuItemController.GetAllMenuItems (WebApplication1)' (HTTP Method: GET) ended.
2024-09-24 07:41:24,746 INFO  WebApplication1.ActionFilter - Action method 'MenuItemController.GetAllMenuItems (WebApplication1)' (HTTP Method: GET) started.
2024-09-24 07:41:24,749 INFO  MenuItemService - Fetching all menu items from the service layer.
2024-09-24 07:41:24,762 INFO  WebApplication1.ActionFilter - Action method 'MenuItemController.GetAllMenuItems (WebApplication1)' (HTTP Method: GET) ended.
2024-09-24 07:41:27,902 INFO  WebApplication1.ActionFilter - Action method 'MenuItemController.GetAllMenuItems (WebApplication1)' (HTTP Method: GET) started.
2024-09-24 07:41:27,908 INFO  MenuItemService - Fetching all menu items from the service layer.
2024-09-24 07:41:27,932 INFO  WebApplication1.ActionFilter - Action method 'MenuItemController.GetAllMenuItems (WebApplication1)' (HTTP Method: GET) ended.
2024-09-24 07:41:32,595 INFO  WebApplication1.ActionFilter - Action method 'MenuItemController.GetAllMenuItems (WebApplication1)' (HTTP Method: GET) started.
2024-09-24 07:41:32,600 INFO  MenuItemService - Fetching all menu items from the service layer.
2024-09-24 07:41:32,620 INFO  WebApplication1.ActionFilter - Action method 'MenuItemController.GetAllMenuItems (WebApplication1)' (HTTP Method: GET) ended.
2024-09-24 07:46:28,486 INFO  WebApplication1.ActionFilter - Action method 'MenuItemController.GetAllMenuItems (WebApplication1)' (HTTP Method: GET) started.
2024-09-24 07:46:28,491 INFO  MenuItemService - Fetching all menu items from the service layer.
2024-09-24 07:46:28,506 INFO  WebApplication1.ActionFilter - Action method 'MenuItemController.GetAllMenuItems (WebApplication1)' (HTTP Method: GET) ended.
2024-09-24 07:46:31,686 INFO  WebApplication1.ActionFilter - Action method 'MenuItemController.GetAllMenuItems (WebApplication1)' (HTTP Method: GET) started.
2024-09-24 07:46:31,692 INFO  MenuItemService - Fetching all menu items from the service layer.
2024-09-24 07:46:31,704 INFO  WebApplication1.ActionFilter - Action method 'MenuItemController.GetAllMenuItems (WebApplication1)' (HTTP Method: GET) ended.
2024-09-24 08:14:16,427 INFO  WebApplication1.ActionFilter - Action method 'MenuItemController.GetAllMenuItems (WebApplication1)' (HTTP Method: GET) started.
2024-09-24 08:14:16,439 INFO  MenuItemService - Fetching all menu items from the service layer.
2024-09-24 08:14:16,497 INFO  WebApplication1.ActionFilter - Action method 'MenuItemController.GetAllMenuItems (WebApplication1)' (HTTP Method: GET) ended.
2024-09-24 08:19:38,382 INFO  WebApplication1.ActionFilter - Action method 'MenuItemController.GetAllMenuItems (WebApplication1)' (HTTP Method: GET) started.
2024-09-24 08:19:38,387 INFO  MenuItemService - Fetching all menu items from the service layer.
2024-09-24 08:19:38,448 INFO  WebApplication1.ActionFilter - Action method 'MenuItemController.GetAllMenuItems (WebApplication1)' (HTTP Method: GET) ended.
2024-09-24 08:20:01,623 INFO  WebApplication1.ActionFilter - Action method 'MenuItemController.GetAllMenuItems (WebApplication1)' (HTTP Method: GET) started.
2024-09-24 08:20:01,626 INFO  MenuItemService - Fetching all menu items from the service layer.
2024-09-24 08:20:01,638 INFO  WebApplication1.ActionFilter - Action method 'MenuItemController.GetAllMenuItems (WebApplication1)' (HTTP Method: GET) ended.
2024-09-24 08:21:46,534 INFO  WebApplication1.ActionFilter - Action method 'MenuItemController.GetAllMenuItems (WebApplication1)' (HTTP Method: GET) started.
2024-09-24 08:21:46,538 INFO  MenuItemService - Fetching all menu items from the service layer.
2024-09-24 08:21:46,569 INFO  WebApplication1.ActionFilter - Action method 'MenuItemController.GetAllMenuItems (WebApplication1)' (HTTP Method: GET) ended.
2024-09-24 08:22:30,499 INFO  WebApplication1.ActionFilter - Action method 'MenuItemController.GetAllMenuItems (WebApplication1)' (HTTP Method: GET) started.
2024-09-24 08:22:30,503 INFO  MenuItemService - Fetching all menu items from the service layer.
2024-09-24 08:22:30,538 INFO  WebApplication1.ActionFilter - Action method 'MenuItemController.GetAllMenuItems (WebApplication1)' (HTTP Method: GET) ended.
2024-09-24 08:23:00,250 INFO  WebApplication1.ActionFilter - Action method 'MenuItemController.GetAllMenuItems (WebApplication1)' (HTTP Method: GET) started.
2024-09-24 08:23:00,262 INFO  MenuItemService - Fetching all menu items from the service layer.
2024-09-24 08:23:00,284 INFO  WebApplication1.ActionFilter - Action method 'MenuItemController.GetAllMenuItems (WebApplication1)' (HTTP Method: GET) ended.
2024-09-24 08:31:24,327 INFO  WebApplication1.ActionFilter - Action method 'MenuItemController.GetAllMenuItems (WebApplication1)' (HTTP Method: GET) started.
2024-09-24 08:31:24,339 INFO  MenuItemService - Fetching all menu items from the service layer.
2024-09-24 08:31:24,537 INFO  WebApplication1.ActionFilter - Action method 'MenuItemController.GetAllMenuItems (WebApplication1)' (HTTP Method: GET) ended.
2024-09-24 08:31:48,608 INFO  WebApplication1.ActionFilter - Action method 'MenuItemController.GetAllMenuItems (WebApplication1)' (HTTP Method: GET) started.
2024-09-24 08:31:48,611 INFO  MenuItemService - Fetching all menu items from the service layer.
2024-09-24 08:31:48,628 INFO  WebApplication1.ActionFilter - Action method 'MenuItemController.GetAllMenuItems (WebApplication1)' (HTTP Method: GET) ended.
2024-09-24 08:31:51,093 INFO  WebApplication1.ActionFilter - Action method 'MenuItemController.GetAllMenuItems (WebApplication1)' (HTTP Method: GET) started.
2024-09-24 08:31:51,098 INFO  MenuItemService - Fetching all menu items from the service layer.
2024-09-24 08:31:51,111 INFO  WebApplication1.ActionFilter - Action method 'MenuItemController.GetAllMenuItems (WebApplication1)' (HTTP Method: GET) ended.
2024-09-24 08:35:18,878 INFO  WebApplication1.ActionFilter - Action method 'MenuItemController.GetAllMenuItems (WebApplication1)' (HTTP Method: GET) started.
2024-09-24 08:35:18,883 INFO  MenuItemService - Fetching all menu items from the service layer.
2024-09-24 08:35:18,910 INFO  WebApplication1.ActionFilter - Action method 'MenuItemController.GetAllMenuItems (WebApplication1)' (HTTP Method: GET) ended.
2024-09-24 08:35:19,681 INFO  WebApplication1.ActionFilter - Action method 'MenuItemController.GetAllMenuItems (WebApplication1)' (HTTP Method: GET) started.
2024-09-24 08:35:19,691 INFO  MenuItemService - Fetching all menu items from the service layer.
2024-09-24 08:35:19,707 INFO  WebApplication1.ActionFilter - Action method 'MenuItemController.GetAllMenuItems (WebApplication1)' (HTTP Method: GET) ended.
2024-09-24 08:35:47,113 INFO  WebApplication1.ActionFilter - Action method 'MenuItemController.GetAllMenuItems (WebApplication1)' (HTTP Method: GET) started.
2024-09-24 08:35:47,118 INFO  MenuItemService - Fetching all menu items from the service layer.
2024-09-24 08:35:47,127 INFO  WebApplication1.ActionFilter - Action method 'MenuItemController.GetAllMenuItems (WebApplication1)' (HTTP Method: GET) ended.
2024-09-24 08:35:59,766 INFO  WebApplication1.ActionFilter - Action method 'MenuItemController.GetAllMenuItems (WebApplication1)' (HTTP Method: GET) started.
2024-09-24 08:35:59,771 INFO  MenuItemService - Fetching all menu items from the service layer.
2024-09-24 08:35:59,782 INFO  WebApplication1.ActionFilter - Action method 'MenuItemController.GetAllMenuItems (WebApplication1)' (HTTP Method: GET) ended.
2024-09-24 09:09:56,301 INFO  WebApplication1.ActionFilter - Action method 'MenuItemController.GetAllMenuItems (WebApplication1)' (HTTP Method: GET) started.
2024-09-24 09:09:56,313 INFO  MenuItemService - Fetching all menu items from the service layer.
2024-09-24 09:09:58,607 INFO  WebApplication1.ActionFilter - Action method 'MenuItemController.GetAllMenuItems (WebApplication1)' (HTTP Method: GET) ended.
2024-09-24 09:10:32,310 INFO  WebApplication1.ActionFilter - Action method 'MenuItemController.GetAllMenuItems (WebApplication1)' (HTTP Method: GET) started.
2024-09-24 09:10:32,324 INFO  MenuItemService - Fetching all menu items from the service layer.
2024-09-24 09:10:32,803 INFO  WebApplication1.ActionFilter - Action method 'MenuItemController.GetAllMenuItems (WebApplication1)' (HTTP Method: GET) ended.
2024-09-24 09:11:00,157 INFO  WebApplication1.ActionFilter - Action method 'MenuItemController.GetAllMenuItems (WebApplication1)' (HTTP Method: GET) started.
2024-09-24 09:11:00,160 INFO  MenuItemService - Fetching all menu items from the service layer.
2024-09-24 09:11:00,259 INFO  WebApplication1.ActionFilter - Action method 'MenuItemController.GetAllMenuItems (WebApplication1)' (HTTP Method: GET) ended.
2024-09-24 09:49:06,383 INFO  WebApplication1.ActionFilter - Action method 'MenuItemController.GetAllMenuItems (WebApplication1)' (HTTP Method: GET) started.
2024-09-24 09:49:06,400 INFO  MenuItemService - Fetching all menu items from the service layer.
2024-09-24 09:49:06,650 INFO  WebApplication1.ActionFilter - Action method 'MenuItemController.GetAllMenuItems (WebApplication1)' (HTTP Method: GET) ended.
2024-09-24 09:49:10,768 INFO  WebApplication1.ActionFilter - Action method 'MenuItemController.GetAllMenuItems (WebApplication1)' (HTTP Method: GET) started.
2024-09-24 09:49:10,776 INFO  MenuItemService - Fetching all menu items from the service layer.
2024-09-24 09:49:10,805 INFO  WebApplication1.ActionFilter - Action method 'MenuItemController.GetAllMenuItems (WebApplication1)' (HTTP Method: GET) ended.
2024-09-24 09:56:12,295 INFO  WebApplication1.ActionFilter - Action method 'MenuItemController.GetAllMenuItems (WebApplication1)' (HTTP Method: GET) started.
2024-09-24 09:56:12,301 INFO  MenuItemService - Fetching all menu items from the service layer.
2024-09-24 09:56:12,373 INFO  WebApplication1.ActionFilter - Action method 'MenuItemController.GetAllMenuItems (WebApplication1)' (HTTP Method: GET) ended.
2024-09-24 09:59:18,451 INFO  WebApplication1.ActionFilter - Action method 'MenuItemController.GetAllMenuItems (WebApplication1)' (HTTP Method: GET) started.
2024-09-24 09:59:18,455 INFO  MenuItemService - Fetching all menu items from the service layer.
2024-09-24 09:59:18,469 INFO  WebApplication1.ActionFilter - Action method 'MenuItemController.GetAllMenuItems (WebApplication1)' (HTTP Method: GET) ended.
2024-09-24 10:06:37,064 INFO  WebApplication1.ActionFilter - Action method 'MenuItemController.GetAllMenuItems (WebApplication1)' (HTTP Method: GET) started.
2024-09-24 10:06:37,072 INFO  MenuItemService - Fetching all menu items from the service layer.
2024-09-24 10:06:37,126 INFO  WebApplication1.ActionFilter - Action method 'MenuItemController.GetAllMenuItems (WebApplication1)' (HTTP Method: GET) ended.
2024-09-24 10:17:14,885 INFO  WebApplication1.ActionFilter - Action method 'MenuItemController.GetAllMenuItems (WebApplication1)' (HTTP Method: GET) started.
2024-09-24 10:17:14,896 INFO  MenuItemService - Fetching all menu items from the service layer.
2024-09-24 10:17:15,022 INFO  WebApplication1.ActionFilter - Action method 'MenuItemController.GetAllMenuItems (WebApplication1)' (HTTP Method: GET) ended.
2024-09-24 10:23:39,709 INFO  WebApplication1.ActionFilter - Action method 'MenuItemController.GetAllMenuItems (WebApplication1)' (HTTP Method: GET) started.
2024-09-24 10:23:39,714 INFO  MenuItemService - Fetching all menu items from the service layer.
2024-09-24 10:23:39,800 INFO  WebApplication1.ActionFilter - Action method 'MenuItemController.GetAllMenuItems (WebApplication1)' (HTTP Method: GET) ended.
2024-09-24 10:23:46,536 INFO  WebApplication1.ActionFilter - Action method 'MenuItemController.GetAllMenuItems (WebApplication1)' (HTTP Method: GET) started.
2024-09-24 10:23:46,542 INFO  MenuItemService - Fetching all menu items from the service layer.
2024-09-24 10:23:46,560 INFO  WebApplication1.ActionFilter - Action method 'MenuItemController.GetAllMenuItems (WebApplication1)' (HTTP Method: GET) ended.
2024-09-24 10:24:07,521 INFO  WebApplication1.ActionFilter - Action method 'MenuItemController.GetAllMenuItems (WebApplication1)' (HTTP Method: GET) started.
2024-09-24 10:24:07,526 INFO  MenuItemService - Fetching all menu items from the service layer.
2024-09-24 10:24:07,539 INFO  WebApplication1.ActionFilter - Action method 'MenuItemController.GetAllMenuItems (WebApplication1)' (HTTP Method: GET) ended.
2024-09-24 10:36:08,563 INFO  WebApplication1.ActionFilter - Action method 'MenuItemController.GetAllMenuItems (WebApplication1)' (HTTP Method: GET) started.
2024-09-24 10:36:08,567 INFO  MenuItemService - Fetching all menu items from the service layer.
2024-09-24 10:36:08,656 INFO  WebApplication1.ActionFilter - Action method 'MenuItemController.GetAllMenuItems (WebApplication1)' (HTTP Method: GET) ended.
2024-09-24 10:36:13,442 INFO  WebApplication1.ActionFilter - Action method 'MenuItemController.GetAllMenuItems (WebApplication1)' (HTTP Method: GET) started.
2024-09-24 10:36:13,445 INFO  MenuItemService - Fetching all menu items from the service layer.
2024-09-24 10:36:13,456 INFO  WebApplication1.ActionFilter - Action method 'MenuItemController.GetAllMenuItems (WebApplication1)' (HTTP Method: GET) ended.
2024-09-24 10:36:20,685 INFO  WebApplication1.ActionFilter - Action method 'MenuItemController.GetAllMenuItems (WebApplication1)' (HTTP Method: GET) started.
2024-09-24 10:36:20,700 INFO  MenuItemService - Fetching all menu items from the service layer.
2024-09-24 10:36:20,721 INFO  WebApplication1.ActionFilter - Action method 'MenuItemController.GetAllMenuItems (WebApplication1)' (HTTP Method: GET) ended.
2024-09-24 10:36:46,408 INFO  WebApplication1.ActionFilter - Action method 'MenuItemController.GetAllMenuItems (WebApplication1)' (HTTP Method: GET) started.
2024-09-24 10:36:46,411 INFO  MenuItemService - Fetching all menu items from the service layer.
2024-09-24 10:36:46,439 INFO  WebApplication1.ActionFilter - Action method 'MenuItemController.GetAllMenuItems (WebApplication1)' (HTTP Method: GET) ended.
2024-09-24 10:36:59,159 INFO  WebApplication1.ActionFilter - Action method 'MenuItemController.GetAllMenuItems (WebApplication1)' (HTTP Method: GET) started.
2024-09-24 10:36:59,164 INFO  MenuItemService - Fetching all menu items from the service layer.
2024-09-24 10:36:59,175 INFO  WebApplication1.ActionFilter - Action method 'MenuItemController.GetAllMenuItems (WebApplication1)' (HTTP Method: GET) ended.
2024-09-24 10:44:27,559 INFO  WebApplication1.ActionFilter - Action method 'MenuItemController.GetAllMenuItems (WebApplication1)' (HTTP Method: GET) started.
2024-09-24 10:44:27,565 INFO  MenuItemService - Fetching all menu items from the service layer.
2024-09-24 10:44:27,671 INFO  WebApplication1.ActionFilter - Action method 'MenuItemController.GetAllMenuItems (WebApplication1)' (HTTP Method: GET) ended.
2024-09-24 12:45:29,866 INFO  WebApplication1.ActionFilter - Action method 'UserController.GetAllUsers (WebApplication1)' (HTTP Method: GET) started.
2024-09-24 12:45:29,872 INFO  WebApplication1.ActionFilter - Action method 'UserController.GetAllUsers (WebApplication1)' (HTTP Method: GET) started.
2024-09-24 12:45:29,880 INFO  UserService - Service: Fetching all users.
2024-09-24 12:45:31,686 INFO  WebApplication1.ActionFilter - Action method 'UserController.GetAllUsers (WebApplication1)' (HTTP Method: GET) ended.
2024-09-24 12:45:31,686 INFO  WebApplication1.ActionFilter - Action method 'UserController.GetAllUsers (WebApplication1)' (HTTP Method: GET) ended.
2024-09-24 12:49:40,251 INFO  WebApplication1.ActionFilter - Action method 'MenuItemController.GetAllMenuItems (WebApplication1)' (HTTP Method: GET) started.
2024-09-24 12:49:40,265 INFO  MenuItemService - Fetching all menu items from the service layer.
2024-09-24 12:49:40,513 INFO  WebApplication1.ActionFilter - Action method 'MenuItemController.GetAllMenuItems (WebApplication1)' (HTTP Method: GET) ended.
2024-09-24 12:50:01,598 INFO  WebApplication1.ActionFilter - Action method 'MenuItemController.GetAllMenuItems (WebApplication1)' (HTTP Method: GET) started.
2024-09-24 12:50:01,600 INFO  MenuItemService - Fetching all menu items from the service layer.
2024-09-24 12:50:01,695 INFO  WebApplication1.ActionFilter - Action method 'MenuItemController.GetAllMenuItems (WebApplication1)' (HTTP Method: GET) ended.
2024-09-24 12:51:31,574 INFO  WebApplication1.ActionFilter - Action method 'MenuItemController.GetAllMenuItems (WebApplication1)' (HTTP Method: GET) started.
2024-09-24 12:51:31,579 INFO  MenuItemService - Fetching all menu items from the service layer.
2024-09-24 12:51:31,588 INFO  WebApplication1.ActionFilter - Action method 'MenuItemController.GetAllMenuItems (WebApplication1)' (HTTP Method: GET) ended.
2024-09-24 12:53:12,798 INFO  WebApplication1.ActionFilter - Action method 'MenuItemController.GetAllMenuItems (WebApplication1)' (HTTP Method: GET) started.
2024-09-24 12:53:12,800 INFO  MenuItemService - Fetching all menu items from the service layer.
2024-09-24 12:53:12,810 INFO  WebApplication1.ActionFilter - Action method 'MenuItemController.GetAllMenuItems (WebApplication1)' (HTTP Method: GET) ended.
2024-09-24 12:53:24,572 INFO  WebApplication1.ActionFilter - Action method 'MenuItemController.GetAllMenuItems (WebApplication1)' (HTTP Method: GET) started.
2024-09-24 12:53:24,578 INFO  MenuItemService - Fetching all menu items from the service layer.
2024-09-24 12:53:24,591 INFO  WebApplication1.ActionFilter - Action method 'MenuItemController.GetAllMenuItems (WebApplication1)' (HTTP Method: GET) ended.
2024-09-24 12:57:44,336 INFO  WebApplication1.ActionFilter - Action method 'MenuItemController.GetAllMenuItems (WebApplication1)' (HTTP Method: GET) started.
2024-09-24 12:57:44,373 INFO  MenuItemService - Fetching all menu items from the service layer.
2024-09-24 12:57:44,427 INFO  WebApplication1.ActionFilter - Action method 'MenuItemController.GetAllMenuItems (WebApplication1)' (HTTP Method: GET) ended.
2024-09-24 12:58:59,667 INFO  WebApplication1.ActionFilter - Action method 'MenuItemController.GetAllMenuItems (WebApplication1)' (HTTP Method: GET) started.
2024-09-24 12:58:59,677 INFO  MenuItemService - Fetching all menu items from the service layer.
2024-09-24 12:58:59,693 INFO  WebApplication1.ActionFilter - Action method 'MenuItemController.GetAllMenuItems (WebApplication1)' (HTTP Method: GET) ended.
2024-09-24 13:02:29,934 INFO  WebApplication1.ActionFilter - Action method 'MenuItemController.GetAllMenuItems (WebApplication1)' (HTTP Method: GET) started.
2024-09-24 13:02:29,944 INFO  MenuItemService - Fetching all menu items from the service layer.
2024-09-24 13:02:29,985 INFO  WebApplication1.ActionFilter - Action method 'MenuItemController.GetAllMenuItems (WebApplication1)' (HTTP Method: GET) ended.
2024-09-24 13:02:41,538 INFO  WebApplication1.ActionFilter - Action method 'MenuItemController.GetAllMenuItems (WebApplication1)' (HTTP Method: GET) started.
2024-09-24 13:02:41,549 INFO  MenuItemService - Fetching all menu items from the service layer.
2024-09-24 13:02:41,561 INFO  WebApplication1.ActionFilter - Action method 'MenuItemController.GetAllMenuItems (WebApplication1)' (HTTP Method: GET) ended.
2024-09-24 13:04:16,719 INFO  WebApplication1.ActionFilter - Action method 'MenuItemController.GetAllMenuItems (WebApplication1)' (HTTP Method: GET) started.
2024-09-24 13:04:16,723 INFO  MenuItemService - Fetching all menu items from the service layer.
2024-09-24 13:04:16,733 INFO  WebApplication1.ActionFilter - Action method 'MenuItemController.GetAllMenuItems (WebApplication1)' (HTTP Method: GET) ended.
2024-09-24 13:04:28,507 INFO  WebApplication1.ActionFilter - Action method 'MenuItemController.GetAllMenuItems (WebApplication1)' (HTTP Method: GET) started.
2024-09-24 13:04:28,514 INFO  MenuItemService - Fetching all menu items from the service layer.
2024-09-24 13:04:28,524 INFO  WebApplication1.ActionFilter - Action method 'MenuItemController.GetAllMenuItems (WebApplication1)' (HTTP Method: GET) ended.
2024-09-24 13:06:11,996 INFO  WebApplication1.ActionFilter - Action method 'MenuItemController.GetAllMenuItems (WebApplication1)' (HTTP Method: GET) started.
2024-09-24 13:06:12,004 INFO  MenuItemService - Fetching all menu items from the service layer.
2024-09-24 13:06:12,134 INFO  WebApplication1.ActionFilter - Action method 'MenuItemController.GetAllMenuItems (WebApplication1)' (HTTP Method: GET) ended.
2024-09-24 13:06:26,435 INFO  WebApplication1.ActionFilter - Action method 'MenuItemController.GetAllMenuItems (WebApplication1)' (HTTP Method: GET) started.
2024-09-24 13:06:26,438 INFO  MenuItemService - Fetching all menu items from the service layer.
2024-09-24 13:06:26,453 INFO  WebApplication1.ActionFilter - Action method 'MenuItemController.GetAllMenuItems (WebApplication1)' (HTTP Method: GET) ended.
2024-09-24 13:07:34,614 INFO  WebApplication1.ActionFilter - Action method 'MenuItemController.GetAllMenuItems (WebApplication1)' (HTTP Method: GET) started.
2024-09-24 13:07:34,616 INFO  MenuItemService - Fetching all menu items from the service layer.
2024-09-24 13:07:34,628 INFO  WebApplication1.ActionFilter - Action method 'MenuItemController.GetAllMenuItems (WebApplication1)' (HTTP Method: GET) ended.
2024-09-24 13:07:46,400 INFO  WebApplication1.ActionFilter - Action method 'MenuItemController.GetAllMenuItems (WebApplication1)' (HTTP Method: GET) started.
2024-09-24 13:07:46,402 INFO  MenuItemService - Fetching all menu items from the service layer.
2024-09-24 13:07:46,411 INFO  WebApplication1.ActionFilter - Action method 'MenuItemController.GetAllMenuItems (WebApplication1)' (HTTP Method: GET) ended.
2024-09-24 21:10:30,827 INFO  WebApplication1.ActionFilter - Action method 'MenuItemController.GetAllMenuItems (WebApplication1)' (HTTP Method: GET) started.
2024-09-24 21:10:30,858 INFO  MenuItemService - Fetching all menu items from the service layer.
2024-09-24 21:10:34,441 INFO  WebApplication1.ActionFilter - Action method 'MenuItemController.GetAllMenuItems (WebApplication1)' (HTTP Method: GET) ended.
2024-09-24 21:10:47,932 INFO  WebApplication1.ActionFilter - Action method 'MenuItemController.GetAllMenuItems (WebApplication1)' (HTTP Method: GET) started.
2024-09-24 21:10:47,936 INFO  MenuItemService - Fetching all menu items from the service layer.
2024-09-24 21:10:47,978 INFO  WebApplication1.ActionFilter - Action method 'MenuItemController.GetAllMenuItems (WebApplication1)' (HTTP Method: GET) ended.
